<?xml version="1.0" encoding="UTF-8"?>
<!-- Generated by org.testng.reporters.JUnitXMLReporter -->
<testsuite ignored="0" hostname="Subbu" failures="0" tests="6" name="Surefire test" time="0.172" errors="0" timestamp="2020-04-07T16:14:45 IST">
  <testcase classname="Automation.AppiumTest" name="IosApps" time="0.015"/>
  <testcase classname="Automation.AppiumTest" name="nativeAppAndroid" time="0.0"/>
  <testcase classname="Automation.RESTAPITest" name="deleteTwitter" time="0.0"/>
  <testcase classname="Automation.RESTAPITest" name="postJira" time="0.016"/>
  <testcase classname="Automation.SelenimTest" name="browserTesting" time="0.0"/>
  <testcase classname="Automation.SelenimTest" name="elemnetsUi" time="0.0"/>
</testsuite> <!-- Surefire test -->
