<?xml version="1.0" encoding="UTF-8"?>
<testng-results ignored="0" total="6" passed="6" failed="0" skipped="0">
  <reporter-output>
  </reporter-output>
  <suite started-at="2020-04-07T16:14:45 IST" name="Surefire suite" finished-at="2020-04-07T16:14:45 IST" duration-ms="172">
    <groups>
    </groups>
    <test started-at="2020-04-07T16:14:45 IST" name="Surefire test" finished-at="2020-04-07T16:14:45 IST" duration-ms="172">
      <class name="Automation.RESTAPITest">
        <test-method signature="deleteTwitter()[pri:0, instance:Automation.RESTAPITest@4d339552]" started-at="2020-04-07T16:14:45 IST" name="deleteTwitter" finished-at="2020-04-07T16:14:45 IST" duration-ms="0" status="PASS">
          <reporter-output>
          </reporter-output>
        </test-method> <!-- deleteTwitter -->
        <test-method signature="postJira()[pri:0, instance:Automation.RESTAPITest@4d339552]" started-at="2020-04-07T16:14:45 IST" name="postJira" finished-at="2020-04-07T16:14:45 IST" duration-ms="16" status="PASS">
          <reporter-output>
          </reporter-output>
        </test-method> <!-- postJira -->
      </class> <!-- Automation.RESTAPITest -->
      <class name="Automation.AppiumTest">
        <test-method signature="IosApps()[pri:0, instance:Automation.AppiumTest@3f200884]" started-at="2020-04-07T16:14:45 IST" name="IosApps" finished-at="2020-04-07T16:14:45 IST" duration-ms="15" status="PASS">
          <reporter-output>
          </reporter-output>
        </test-method> <!-- IosApps -->
        <test-method signature="nativeAppAndroid()[pri:0, instance:Automation.AppiumTest@3f200884]" started-at="2020-04-07T16:14:45 IST" name="nativeAppAndroid" finished-at="2020-04-07T16:14:45 IST" duration-ms="0" status="PASS">
          <reporter-output>
          </reporter-output>
        </test-method> <!-- nativeAppAndroid -->
      </class> <!-- Automation.AppiumTest -->
      <class name="Automation.SelenimTest">
        <test-method signature="browserTesting()[pri:0, instance:Automation.SelenimTest@f0f2775]" started-at="2020-04-07T16:14:45 IST" name="browserTesting" finished-at="2020-04-07T16:14:45 IST" duration-ms="0" status="PASS">
          <reporter-output>
          </reporter-output>
        </test-method> <!-- browserTesting -->
        <test-method signature="elemnetsUi()[pri:0, instance:Automation.SelenimTest@f0f2775]" started-at="2020-04-07T16:14:45 IST" name="elemnetsUi" finished-at="2020-04-07T16:14:45 IST" duration-ms="0" status="PASS">
          <reporter-output>
          </reporter-output>
        </test-method> <!-- elemnetsUi -->
      </class> <!-- Automation.SelenimTest -->
    </test> <!-- Surefire test -->
  </suite> <!-- Surefire suite -->
</testng-results>
